{"message":"2026-05-08 19:55:24 [ERROR] Database connection failed {\"error\":\"SASL: SCRAM-SERVER-FIRST-MESSAGE: client password must be a string\"}\n","timestamp":"2026-05-08 23:55:24","type":"out","process_id":0,"app_name":"sma-engine"}
{"message":"2026-05-08 19:55:24 [ERROR] Make sure PostgreSQL is running and DATABASE_URL is correct\n","timestamp":"2026-05-08 23:55:24","type":"out","process_id":0,"app_name":"sma-engine"}
{"message":"2026-05-08 19:55:24 [ERROR] Run: psql $DATABASE_URL -f src/db/schema.sql to initialize the schema\n","timestamp":"2026-05-08 23:55:24","type":"out","process_id":0,"app_name":"sma-engine"}
{"message":"2026-05-08 19:55:29 [ERROR] Database connection failed {\"error\":\"SASL: SCRAM-SERVER-FIRST-MESSAGE: client password must be a string\"}\n","timestamp":"2026-05-08 23:55:29","type":"out","process_id":0,"app_name":"sma-engine"}
{"message":"2026-05-08 19:55:29 [ERROR] Make sure PostgreSQL is running and DATABASE_URL is correct\n","timestamp":"2026-05-08 23:55:29","type":"out","process_id":0,"app_name":"sma-engine"}
{"message":"2026-05-08 19:55:29 [ERROR] Run: psql $DATABASE_URL -f src/db/schema.sql to initialize the schema\n","timestamp":"2026-05-08 23:55:29","type":"out","process_id":0,"app_name":"sma-engine"}
{"message":"2026-05-08 19:55:35 [ERROR] Database connection failed {\"error\":\"SASL: SCRAM-SERVER-FIRST-MESSAGE: client password must be a string\"}\n","timestamp":"2026-05-08 23:55:35","type":"out","process_id":0,"app_name":"sma-engine"}
{"message":"2026-05-08 19:55:35 [ERROR] Make sure PostgreSQL is running and DATABASE_URL is correct\n","timestamp":"2026-05-08 23:55:35","type":"out","process_id":0,"app_name":"sma-engine"}
{"message":"2026-05-08 19:55:35 [ERROR] Run: psql $DATABASE_URL -f src/db/schema.sql to initialize the schema\n","timestamp":"2026-05-08 23:55:35","type":"out","process_id":0,"app_name":"sma-engine"}
{"message":"2026-05-08 19:55:41 [ERROR] Database connection failed {\"error\":\"SASL: SCRAM-SERVER-FIRST-MESSAGE: client password must be a string\"}\n","timestamp":"2026-05-08 23:55:41","type":"out","process_id":0,"app_name":"sma-engine"}
{"message":"2026-05-08 19:55:41 [ERROR] Make sure PostgreSQL is running and DATABASE_URL is correct\n","timestamp":"2026-05-08 23:55:41","type":"out","process_id":0,"app_name":"sma-engine"}
{"message":"2026-05-08 19:55:41 [ERROR] Run: psql $DATABASE_URL -f src/db/schema.sql to initialize the schema\n","timestamp":"2026-05-08 23:55:41","type":"out","process_id":0,"app_name":"sma-engine"}
{"message":"2026-05-08 19:55:46 [ERROR] Database connection failed {\"error\":\"SASL: SCRAM-SERVER-FIRST-MESSAGE: client password must be a string\"}\n","timestamp":"2026-05-08 23:55:46","type":"out","process_id":0,"app_name":"sma-engine"}
{"message":"2026-05-08 19:55:46 [ERROR] Make sure PostgreSQL is running and DATABASE_URL is correct\n","timestamp":"2026-05-08 23:55:46","type":"out","process_id":0,"app_name":"sma-engine"}
{"message":"2026-05-08 19:55:46 [ERROR] Run: psql $DATABASE_URL -f src/db/schema.sql to initialize the schema\n","timestamp":"2026-05-08 23:55:46","type":"out","process_id":0,"app_name":"sma-engine"}
{"message":"2026-05-08 19:55:52 [ERROR] Database connection failed {\"error\":\"SASL: SCRAM-SERVER-FIRST-MESSAGE: client password must be a string\"}\n","timestamp":"2026-05-08 23:55:52","type":"out","process_id":0,"app_name":"sma-engine"}
{"message":"2026-05-08 19:55:52 [ERROR] Make sure PostgreSQL is running and DATABASE_URL is correct\n2026-05-08 19:55:52 [ERROR] Run: psql $DATABASE_URL -f src/db/schema.sql to initialize the schema\n","timestamp":"2026-05-08 23:55:52","type":"out","process_id":0,"app_name":"sma-engine"}
{"message":"2026-05-08 19:55:58 [ERROR] Database connection failed {\"error\":\"SASL: SCRAM-SERVER-FIRST-MESSAGE: client password must be a string\"}\n","timestamp":"2026-05-08 23:55:58","type":"out","process_id":0,"app_name":"sma-engine"}
{"message":"2026-05-08 19:55:58 [ERROR] Make sure PostgreSQL is running and DATABASE_URL is correct\n2026-05-08 19:55:58 [ERROR] Run: psql $DATABASE_URL -f src/db/schema.sql to initialize the schema\n","timestamp":"2026-05-08 23:55:58","type":"out","process_id":0,"app_name":"sma-engine"}
{"message":"2026-05-08 19:56:03 [ERROR] Database connection failed {\"error\":\"SASL: SCRAM-SERVER-FIRST-MESSAGE: client password must be a string\"}\n","timestamp":"2026-05-08 23:56:03","type":"out","process_id":0,"app_name":"sma-engine"}
{"message":"2026-05-08 19:56:03 [ERROR] Make sure PostgreSQL is running and DATABASE_URL is correct\n","timestamp":"2026-05-08 23:56:03","type":"out","process_id":0,"app_name":"sma-engine"}
{"message":"2026-05-08 19:56:03 [ERROR] Run: psql $DATABASE_URL -f src/db/schema.sql to initialize the schema\n","timestamp":"2026-05-08 23:56:03","type":"out","process_id":0,"app_name":"sma-engine"}
{"message":"2026-05-08 19:56:09 [ERROR] Database connection failed {\"error\":\"SASL: SCRAM-SERVER-FIRST-MESSAGE: client password must be a string\"}\n","timestamp":"2026-05-08 23:56:09","type":"out","process_id":0,"app_name":"sma-engine"}
{"message":"2026-05-08 19:56:09 [ERROR] Make sure PostgreSQL is running and DATABASE_URL is correct\n","timestamp":"2026-05-08 23:56:09","type":"out","process_id":0,"app_name":"sma-engine"}
{"message":"2026-05-08 19:56:09 [ERROR] Run: psql $DATABASE_URL -f src/db/schema.sql to initialize the schema\n","timestamp":"2026-05-08 23:56:09","type":"out","process_id":0,"app_name":"sma-engine"}
{"message":"2026-05-08 19:56:14 [ERROR] Database connection failed {\"error\":\"SASL: SCRAM-SERVER-FIRST-MESSAGE: client password must be a string\"}\n","timestamp":"2026-05-08 23:56:14","type":"out","process_id":0,"app_name":"sma-engine"}
{"message":"2026-05-08 19:56:14 [ERROR] Make sure PostgreSQL is running and DATABASE_URL is correct\n","timestamp":"2026-05-08 23:56:14","type":"out","process_id":0,"app_name":"sma-engine"}
{"message":"2026-05-08 19:56:14 [ERROR] Run: psql $DATABASE_URL -f src/db/schema.sql to initialize the schema\n","timestamp":"2026-05-08 23:56:14","type":"out","process_id":0,"app_name":"sma-engine"}
{"message":"2026-05-08 19:59:42 [INFO] Database connected {\"db\":\"smaengine\",\"time\":\"2026-05-08T23:59:42.156Z\"}\n","timestamp":"2026-05-08 23:59:42","type":"out","process_id":0,"app_name":"sma-engine"}
{"message":"2026-05-08 19:59:42 [INFO] Score weights loaded from DB {\"weights\":\"close_location=0.1000, crossing_quality=0.4500, distance=0.0500, prior_context=0.0500, rel_vol=0.3500\"}\n","timestamp":"2026-05-08 23:59:42","type":"out","process_id":0,"app_name":"sma-engine"}
{"message":"2026-05-08 19:59:42 [INFO] Scheduler disabled (SCHEDULER_ENABLED=false)\n","timestamp":"2026-05-08 23:59:42","type":"out","process_id":0,"app_name":"sma-engine"}
{"message":"2026-05-08 19:59:42 [INFO] SMA Engine API running on port 3001 {\"env\":\"production\",\"scheduler\":false,\"email\":false}\n","timestamp":"2026-05-08 23:59:42","type":"out","process_id":0,"app_name":"sma-engine"}
{"message":"2026-05-08 20:02:53 [INFO] GET / 200 14ms\n","timestamp":"2026-05-09 00:02:53","type":"out","process_id":0,"app_name":"sma-engine"}
{"message":"2026-05-08 20:05:59 [INFO] SIGINT received — shutting down gracefully\n","timestamp":"2026-05-09 00:05:59","type":"out","process_id":0,"app_name":"sma-engine"}
{"message":"2026-05-08 20:05:59 [INFO] HTTP server closed\n","timestamp":"2026-05-09 00:05:59","type":"out","process_id":0,"app_name":"sma-engine"}
{"message":"2026-05-08 20:06:00 [INFO] Database connected {\"db\":\"smaengine\",\"time\":\"2026-05-09T00:06:00.213Z\"}\n","timestamp":"2026-05-09 00:06:00","type":"out","process_id":0,"app_name":"sma-engine"}
{"message":"2026-05-08 20:06:00 [INFO] Score weights loaded from DB {\"weights\":\"close_location=0.1000, crossing_quality=0.4500, distance=0.0500, prior_context=0.0500, rel_vol=0.3500\"}\n","timestamp":"2026-05-09 00:06:00","type":"out","process_id":0,"app_name":"sma-engine"}
{"message":"2026-05-08 20:06:00 [INFO] Scheduler disabled (SCHEDULER_ENABLED=false)\n","timestamp":"2026-05-09 00:06:00","type":"out","process_id":0,"app_name":"sma-engine"}
{"message":"2026-05-08 20:06:00 [INFO] SMA Engine API running on port 3001 {\"env\":\"production\",\"scheduler\":false,\"email\":false}\n","timestamp":"2026-05-09 00:06:00","type":"out","process_id":0,"app_name":"sma-engine"}
{"message":"2026-05-08 20:06:44 [INFO] SIGINT received — shutting down gracefully\n","timestamp":"2026-05-09 00:06:44","type":"out","process_id":0,"app_name":"sma-engine"}
{"message":"2026-05-08 20:06:44 [INFO] HTTP server closed\n","timestamp":"2026-05-09 00:06:44","type":"out","process_id":0,"app_name":"sma-engine"}
